<?xml version="1.0" encoding="UTF-8"?>
<coverage generated="1675134154155" clover="3.2.0">
  <project timestamp="1675134154155" name="All files">
    <metrics statements="20" coveredstatements="12" conditionals="4" coveredconditionals="2" methods="2" coveredmethods="2" elements="26" coveredelements="16" complexity="0" loc="20" ncloc="20" packages="1" files="1" classes="1"/>
    <file name="db.js" path="/home/julian/Julian/Micro-service Cinema/movies-service/src/config/db.js">
      <metrics statements="20" coveredstatements="12" conditionals="4" coveredconditionals="2" methods="2" coveredmethods="2"/>
      <line num="1" count="1" type="stmt"/>
      <line num="2" count="1" type="stmt"/>
      <line num="3" count="1" type="stmt"/>
      <line num="4" count="1" type="stmt"/>
      <line num="5" count="1" type="cond" truecount="1" falsecount="0"/>
      <line num="6" count="1" type="stmt"/>
      <line num="7" count="1" type="cond" truecount="0" falsecount="1"/>
      <line num="8" count="0" type="stmt"/>
      <line num="9" count="0" type="stmt"/>
      <line num="10" count="0" type="stmt"/>
      <line num="11" count="0" type="stmt"/>
      <line num="12" count="1" type="stmt"/>
      <line num="13" count="1" type="cond" truecount="1" falsecount="0"/>
      <line num="14" count="1" type="cond" truecount="0" falsecount="1"/>
      <line num="15" count="0" type="stmt"/>
      <line num="16" count="0" type="stmt"/>
      <line num="17" count="0" type="stmt"/>
      <line num="18" count="0" type="stmt"/>
      <line num="19" count="1" type="stmt"/>
      <line num="20" count="1" type="stmt"/>
    </file>
  </project>
</coverage>
